0 verbose cli C:\Program Files\nodejs\node.exe C:\Program Files\nodejs\node_modules\npm\bin\npm-cli.js
1 info using npm@10.1.0
2 info using node@v20.9.0
3 timing npm:load:whichnode Completed in 2ms
4 timing config:load:defaults Completed in 3ms
5 timing config:load:file:C:\Program Files\nodejs\node_modules\npm\npmrc Completed in 3ms
6 timing config:load:builtin Completed in 3ms
7 timing config:load:cli Completed in 2ms
8 timing config:load:env Completed in 0ms
9 timing config:load:file:C:\Users\Fooler\Desktop\MultiCommunityApplication\sss\community-frontend-wxprogram\.npmrc Completed in 0ms
10 timing config:load:project Completed in 1ms
11 timing config:load:file:C:\Users\Fooler\.npmrc Completed in 0ms
12 timing config:load:user Completed in 0ms
13 timing config:load:file:C:\Program Files\nodejs\node_global\etc\npmrc Completed in 1ms
14 timing config:load:global Completed in 1ms
15 timing config:load:setEnvs Completed in 0ms
16 timing config:load Completed in 11ms
17 timing npm:load:configload Completed in 11ms
18 timing config:load:flatten Completed in 3ms
19 timing npm:load:mkdirpcache Completed in 1ms
20 timing npm:load:mkdirplogs Completed in 0ms
21 verbose title npm install
22 verbose argv "install" "--cache" "./.npm-cache"
23 timing npm:load:setTitle Completed in 1ms
24 timing npm:load:display Completed in 1ms
25 verbose logfile logs-max:10 dir:C:\Users\Fooler\Desktop\MultiCommunityApplication\sss\community-frontend-wxprogram\.npm-cache\_logs\2025-12-11T08_32_41_352Z-
26 verbose logfile C:\Users\Fooler\Desktop\MultiCommunityApplication\sss\community-frontend-wxprogram\.npm-cache\_logs\2025-12-11T08_32_41_352Z-debug-0.log
27 timing npm:load:logFile Completed in 8ms
28 timing npm:load:timers Completed in 0ms
29 timing npm:load:configScope Completed in 1ms
30 timing npm:load Completed in 87ms
31 timing arborist:ctor Completed in 0ms
32 silly logfile done cleaning log files
33 timing idealTree:init Completed in 15ms
34 timing idealTree:userRequests Completed in 0ms
35 silly idealTree buildDeps
36 silly fetch manifest vue@^3.2.45
37 http fetch GET 200 https://registry.npmmirror.com/npm 350ms (cache miss)
38 http fetch GET 200 https://registry.npmmirror.com/vue 317ms (cache miss)
39 silly fetch manifest typescript@*
40 http fetch GET 200 https://registry.npmmirror.com/typescript 269ms (cache miss)
41 silly fetch manifest @dcloudio/uni-app@^3.1.0
42 http fetch GET 200 https://registry.npmmirror.com/@dcloudio%2funi-app 133ms (cache miss)
43 silly fetch manifest @dcloudio/uni-cli@^3.1.0
44 notice Access token expired or revoked. Please try logging in again.
45 http fetch GET 404 https://registry.npmjs.org/@dcloudio%2funi-cli 3217ms (cache skip)
46 notice Access token expired or revoked. Please try logging in again.
47 http fetch GET 404 https://registry.npmjs.org/@dcloudio%2funi-cli 680ms (cache skip)
48 silly placeDep ROOT @dcloudio/uni-app@ OK for: community-frontend-wxprogram@1.0.0 want: ^3.1.0
49 silly placeDep ROOT @dcloudio/uni-cli@ OK for: community-frontend-wxprogram@1.0.0 want: ^3.1.0
50 silly placeDep ROOT vue@3.5.25 OK for: community-frontend-wxprogram@1.0.0 want: ^3.2.45
51 silly fetch manifest @vue/shared@3.5.25
52 silly fetch manifest @vue/compiler-dom@3.5.25
53 silly fetch manifest @vue/runtime-dom@3.5.25
54 silly fetch manifest @vue/compiler-sfc@3.5.25
55 silly fetch manifest @vue/server-renderer@3.5.25
56 http fetch GET 200 https://registry.npmmirror.com/@vue%2fcompiler-dom 77ms (cache miss)
57 http fetch GET 200 https://registry.npmmirror.com/@vue%2fshared 82ms (cache miss)
58 http fetch GET 200 https://registry.npmmirror.com/@vue%2fcompiler-sfc 228ms (cache miss)
59 http fetch GET 200 https://registry.npmmirror.com/@vue%2fruntime-dom 250ms (cache miss)
60 http fetch GET 200 https://registry.npmmirror.com/@vue%2fserver-renderer 301ms (cache miss)
61 timing idealTree:#root Completed in 4987ms
62 timing idealTree:node_modules/@dcloudio/uni-app Completed in 0ms
63 timing idealTree:node_modules/@dcloudio/uni-cli Completed in 0ms
64 silly fetch manifest vue@3.5.25
65 silly placeDep ROOT @vue/compiler-dom@3.5.25 OK for: vue@3.5.25 want: 3.5.25
66 silly fetch manifest @vue/compiler-core@3.5.25
67 silly placeDep ROOT @vue/compiler-sfc@3.5.25 OK for: vue@3.5.25 want: 3.5.25
68 silly fetch manifest @babel/parser@^7.28.5
69 silly fetch manifest estree-walker@^2.0.2
70 silly fetch manifest magic-string@^0.30.21
71 silly fetch manifest postcss@^8.5.6
72 silly fetch manifest source-map-js@^1.2.1
73 silly fetch manifest @vue/compiler-ssr@3.5.25
74 silly placeDep ROOT @vue/runtime-dom@3.5.25 OK for: vue@3.5.25 want: 3.5.25
75 silly fetch manifest csstype@^3.1.3
76 silly fetch manifest @vue/reactivity@3.5.25
77 silly fetch manifest @vue/runtime-core@3.5.25
78 silly placeDep ROOT @vue/server-renderer@3.5.25 OK for: vue@3.5.25 want: 3.5.25
79 silly placeDep ROOT @vue/shared@3.5.25 OK for: vue@3.5.25 want: 3.5.25
80 http fetch GET 200 https://registry.npmmirror.com/estree-walker 74ms (cache miss)
81 http fetch GET 200 https://registry.npmmirror.com/@vue%2fcompiler-core 104ms (cache miss)
82 http fetch GET 200 https://registry.npmmirror.com/@babel%2fparser 104ms (cache miss)
83 http fetch GET 200 https://registry.npmmirror.com/magic-string 105ms (cache miss)
84 http fetch GET 200 https://registry.npmmirror.com/source-map-js 142ms (cache miss)
85 http fetch GET 200 https://registry.npmmirror.com/csstype 189ms (cache miss)
86 http fetch GET 200 https://registry.npmmirror.com/@vue%2freactivity 202ms (cache miss)
87 http fetch GET 200 https://registry.npmmirror.com/postcss 207ms (cache miss)
88 http fetch GET 200 https://registry.npmmirror.com/@vue%2fcompiler-ssr 212ms (cache miss)
89 http fetch GET 200 https://registry.npmmirror.com/@vue%2fruntime-core 229ms (cache miss)
90 timing idealTree:node_modules/vue Completed in 242ms
91 silly placeDep ROOT @vue/compiler-core@3.5.25 OK for: @vue/compiler-dom@3.5.25 want: 3.5.25
92 silly fetch manifest entities@^4.5.0
93 http fetch GET 200 https://registry.npmmirror.com/entities 55ms (cache miss)
94 timing idealTree:node_modules/@vue/compiler-dom Completed in 59ms
95 silly placeDep ROOT @babel/parser@7.28.5 OK for: @vue/compiler-core@3.5.25 want: ^7.28.5
96 silly fetch manifest @babel/types@^7.28.5
97 silly placeDep ROOT entities@4.5.0 OK for: @vue/compiler-core@3.5.25 want: ^4.5.0
98 silly placeDep ROOT estree-walker@2.0.2 OK for: @vue/compiler-core@3.5.25 want: ^2.0.2
99 silly placeDep ROOT source-map-js@1.2.1 OK for: @vue/compiler-core@3.5.25 want: ^1.2.1
100 http fetch GET 200 https://registry.npmmirror.com/@babel%2ftypes 119ms (cache miss)
101 timing idealTree:node_modules/@vue/compiler-core Completed in 124ms
102 silly placeDep ROOT @babel/types@7.28.5 OK for: @babel/parser@7.28.5 want: ^7.28.5
103 silly fetch manifest @babel/helper-string-parser@^7.27.1
104 silly fetch manifest @babel/helper-validator-identifier@^7.28.5
105 http fetch GET 200 https://registry.npmmirror.com/@babel%2fhelper-validator-identifier 63ms (cache miss)
106 http fetch GET 200 https://registry.npmmirror.com/@babel%2fhelper-string-parser 69ms (cache miss)
107 timing idealTree:node_modules/@babel/parser Completed in 70ms
108 silly placeDep ROOT @babel/helper-string-parser@7.27.1 OK for: @babel/types@7.28.5 want: ^7.27.1
109 silly placeDep ROOT @babel/helper-validator-identifier@7.28.5 OK for: @babel/types@7.28.5 want: ^7.28.5
110 timing idealTree:node_modules/@babel/types Completed in 3ms
111 timing idealTree:node_modules/@babel/helper-string-parser Completed in 0ms
112 timing idealTree:node_modules/@babel/helper-validator-identifier Completed in 0ms
113 silly placeDep ROOT @vue/compiler-ssr@3.5.25 OK for: @vue/compiler-sfc@3.5.25 want: 3.5.25
114 silly placeDep ROOT magic-string@0.30.21 OK for: @vue/compiler-sfc@3.5.25 want: ^0.30.21
115 silly fetch manifest @jridgewell/sourcemap-codec@^1.5.5
116 silly placeDep ROOT postcss@8.5.6 OK for: @vue/compiler-sfc@3.5.25 want: ^8.5.6
117 silly fetch manifest nanoid@^3.3.11
118 silly fetch manifest picocolors@^1.1.1
119 http fetch GET 200 https://registry.npmmirror.com/picocolors 53ms (cache miss)
120 http fetch GET 200 https://registry.npmmirror.com/@jridgewell%2fsourcemap-codec 65ms (cache miss)
121 http fetch GET 200 https://registry.npmmirror.com/nanoid 67ms (cache miss)
122 timing idealTree:node_modules/@vue/compiler-sfc Completed in 73ms
123 timing idealTree:node_modules/@vue/compiler-ssr Completed in 0ms
124 silly placeDep ROOT @vue/reactivity@3.5.25 OK for: @vue/runtime-dom@3.5.25 want: 3.5.25
125 silly placeDep ROOT @vue/runtime-core@3.5.25 OK for: @vue/runtime-dom@3.5.25 want: 3.5.25
126 silly placeDep ROOT csstype@3.2.3 OK for: @vue/runtime-dom@3.5.25 want: ^3.1.3
127 timing idealTree:node_modules/@vue/runtime-dom Completed in 2ms
128 timing idealTree:node_modules/@vue/reactivity Completed in 0ms
129 timing idealTree:node_modules/@vue/runtime-core Completed in 0ms
130 timing idealTree:node_modules/@vue/server-renderer Completed in 0ms
131 timing idealTree:node_modules/@vue/shared Completed in 0ms
132 timing idealTree:node_modules/csstype Completed in 0ms
133 timing idealTree:node_modules/entities Completed in 0ms
134 timing idealTree:node_modules/estree-walker Completed in 0ms
135 silly placeDep ROOT @jridgewell/sourcemap-codec@1.5.5 OK for: magic-string@0.30.21 want: ^1.5.5
136 timing idealTree:node_modules/magic-string Completed in 1ms
137 timing idealTree:node_modules/@jridgewell/sourcemap-codec Completed in 0ms
138 silly placeDep ROOT nanoid@3.3.11 OK for: postcss@8.5.6 want: ^3.3.11
139 silly placeDep ROOT picocolors@1.1.1 OK for: postcss@8.5.6 want: ^1.1.1
140 timing idealTree:node_modules/postcss Completed in 2ms
141 timing idealTree:node_modules/nanoid Completed in 0ms
142 timing idealTree:node_modules/picocolors Completed in 0ms
143 timing idealTree:node_modules/source-map-js Completed in 0ms
144 timing idealTree:buildDeps Completed in 5565ms
145 timing idealTree:fixDepFlags Completed in 1ms
146 timing idealTree Completed in 5582ms
147 timing command:install Completed in 5631ms
148 notice
148 notice New [31mmajor[39m version of npm available! [31m10.1.0[39m -> [32m11.7.0[39m
148 notice Changelog: [36mhttps://github.com/npm/cli/releases/tag/v11.7.0[39m
148 notice Run [32mnpm install -g npm@11.7.0[39m to update!
148 notice
149 verbose type range
150 verbose stack @dcloudio/uni-app: No matching version found for @dcloudio/uni-app@^3.1.0.
150 verbose stack     at module.exports (C:\Program Files\nodejs\node_modules\npm\node_modules\npm-pick-manifest\lib\index.js:209:23)
150 verbose stack     at RegistryFetcher.manifest (C:\Program Files\nodejs\node_modules\npm\node_modules\pacote\lib\registry.js:119:22)
150 verbose stack     at async #nodeFromEdge (C:\Program Files\nodejs\node_modules\npm\node_modules\@npmcli\arborist\lib\arborist\build-ideal-tree.js:1049:19)
150 verbose stack     at async #buildDepStep (C:\Program Files\nodejs\node_modules\npm\node_modules\@npmcli\arborist\lib\arborist\build-ideal-tree.js:917:11)
150 verbose stack     at async Arborist.buildIdealTree (C:\Program Files\nodejs\node_modules\npm\node_modules\@npmcli\arborist\lib\arborist\build-ideal-tree.js:196:7)
150 verbose stack     at async Promise.all (index 1)
150 verbose stack     at async Arborist.reify (C:\Program Files\nodejs\node_modules\npm\node_modules\@npmcli\arborist\lib\arborist\reify.js:159:5)
150 verbose stack     at async Install.exec (C:\Program Files\nodejs\node_modules\npm\lib\commands\install.js:151:5)
150 verbose stack     at async module.exports (C:\Program Files\nodejs\node_modules\npm\lib\cli-entry.js:61:5)
151 verbose cwd C:\Users\Fooler\Desktop\MultiCommunityApplication\sss\community-frontend-wxprogram
152 verbose Windows_NT 10.0.22631
153 verbose node v20.9.0
154 verbose npm  v10.1.0
155 error code ETARGET
156 error notarget No matching version found for @dcloudio/uni-app@^3.1.0.
157 error notarget In most cases you or one of your dependencies are requesting
157 error notarget a package version that doesn't exist.
158 verbose exit 1
159 timing npm Completed in 6097ms
160 verbose unfinished npm timer reify 1765441961817
161 verbose unfinished npm timer reify:loadTrees 1765441961863
162 verbose code 1
163 error A complete log of this run can be found in: C:\Users\Fooler\Desktop\MultiCommunityApplication\sss\community-frontend-wxprogram\.npm-cache\_logs\2025-12-11T08_32_41_352Z-debug-0.log
